You are listening on port 3000
[sass]  [90mskip:[0m [36m/work nothing to do[0m
[sass]  [90msource:[0m [36m/home/pi/Projects/gsd/stylesheet.scss [0m
[sass]  [90mdest:[0m [36m/home/pi/Projects/gsd/assets/stylesheet.css [0m
[sass]  [90mread:[0m [36m/home/pi/Projects/gsd/stylesheet.scss [0m
[sass]  [90mskip:[0m [36m/worklist.js nothing to do[0m
[sass]  [90mrender:[0m [36m/home/pi/Projects/gsd/stylesheet.scss [0m
[sass]  [90mwrite:[0m [36m/home/pi/Projects/gsd/assets/stylesheet.css [0m
[sass]  [90mskip:[0m [36m/work nothing to do[0m
[sass]  [90msource:[0m [36m/home/pi/Projects/gsd/stylesheet.scss [0m
[sass]  [90mdest:[0m [36m/home/pi/Projects/gsd/assets/stylesheet.css [0m
[sass]  [90mskip:[0m [36m/worklist.js nothing to do[0m
You are listening on port 3000
[sass]  [90mskip:[0m [36m/work nothing to do[0m
[sass]  [90msource:[0m [36m/home/pi/Projects/gsd/stylesheet.scss [0m
[sass]  [90mdest:[0m [36m/home/pi/Projects/gsd/assets/stylesheet.css [0m
[sass]  [90mskip:[0m [36m/worklist.js nothing to do[0m
[sass]  [90mread:[0m [36m/home/pi/Projects/gsd/stylesheet.scss [0m
[sass]  [90mrender:[0m [36m/home/pi/Projects/gsd/stylesheet.scss [0m
[sass]  [90mwrite:[0m [36m/home/pi/Projects/gsd/assets/stylesheet.css [0m
[sass]  [90mskip:[0m [36m/ nothing to do[0m
[sass]  [90mskip:[0m [36m/work nothing to do[0m
[sass]  [90msource:[0m [36m/home/pi/Projects/gsd/stylesheet.scss [0m
[sass]  [90mdest:[0m [36m/home/pi/Projects/gsd/assets/stylesheet.css [0m
[sass]  [90mskip:[0m [36m/worklist.js nothing to do[0m
[sass]  [90mskip:[0m [36m/workers/2 nothing to do[0m
[sass]  [90msource:[0m [36m/home/pi/Projects/gsd/stylesheet.scss [0m
[sass]  [90mdest:[0m [36m/home/pi/Projects/gsd/assets/stylesheet.css [0m
[sass]  [90mskip:[0m [36m/worklist.js nothing to do[0m
[sass]  [90mskip:[0m [36m/workers/1 nothing to do[0m
[sass]  [90msource:[0m [36m/home/pi/Projects/gsd/stylesheet.scss [0m
[sass]  [90mdest:[0m [36m/home/pi/Projects/gsd/assets/stylesheet.css [0m
[sass]  [90mskip:[0m [36m/worklist.js nothing to do[0m
[sass]  [90mskip:[0m [36m/workers/3 nothing to do[0m
[sass]  [90msource:[0m [36m/home/pi/Projects/gsd/stylesheet.scss [0m
[sass]  [90mdest:[0m [36m/home/pi/Projects/gsd/assets/stylesheet.css [0m
[sass]  [90mskip:[0m [36m/worklist.js nothing to do[0m
[sass]  [90mskip:[0m [36m/work nothing to do[0m
[sass]  [90msource:[0m [36m/home/pi/Projects/gsd/stylesheet.scss [0m
[sass]  [90mdest:[0m [36m/home/pi/Projects/gsd/assets/stylesheet.css [0m
[sass]  [90mskip:[0m [36m/worklist.js nothing to do[0m
[sass]  [90msource:[0m [36m/home/pi/Projects/gsd/stylesheet.scss [0m
[sass]  [90mdest:[0m [36m/home/pi/Projects/gsd/assets/stylesheet.css [0m
[sass]  [90mskip:[0m [36m/worklist.js nothing to do[0m
[sass]  [90mskip:[0m [36m/workers/1 nothing to do[0m
[sass]  [90msource:[0m [36m/home/pi/Projects/gsd/stylesheet.scss [0m
[sass]  [90mdest:[0m [36m/home/pi/Projects/gsd/assets/stylesheet.css [0m
[sass]  [90mskip:[0m [36m/worklist.js nothing to do[0m
[sass]  [90mskip:[0m [36m/workers/2 nothing to do[0m
[sass]  [90msource:[0m [36m/home/pi/Projects/gsd/stylesheet.scss [0m
[sass]  [90mdest:[0m [36m/home/pi/Projects/gsd/assets/stylesheet.css [0m
[sass]  [90mskip:[0m [36m/worklist.js nothing to do[0m
[sass]  [90mskip:[0m [36m/workers/3 nothing to do[0m
[sass]  [90msource:[0m [36m/home/pi/Projects/gsd/stylesheet.scss [0m
[sass]  [90mdest:[0m [36m/home/pi/Projects/gsd/assets/stylesheet.css [0m
[sass]  [90mskip:[0m [36m/worklist.js nothing to do[0m
You are listening on port 3000
[sass]  [90mskip:[0m [36m/work nothing to do[0m
[sass]  [90msource:[0m [36m/home/pi/Projects/gsd/stylesheet.scss [0m
[sass]  [90mdest:[0m [36m/home/pi/Projects/gsd/assets/stylesheet.css [0m
[sass]  [90mread:[0m [36m/home/pi/Projects/gsd/stylesheet.scss [0m
[sass]  [90mskip:[0m [36m/worklist.js nothing to do[0m
[sass]  [90mrender:[0m [36m/home/pi/Projects/gsd/stylesheet.scss [0m
[sass]  [90mwrite:[0m [36m/home/pi/Projects/gsd/assets/stylesheet.css [0m
[sass]  [90mskip:[0m [36m/workers/2 nothing to do[0m
[sass]  [90msource:[0m [36m/home/pi/Projects/gsd/stylesheet.scss [0m
[sass]  [90mdest:[0m [36m/home/pi/Projects/gsd/assets/stylesheet.css [0m
[sass]  [90mskip:[0m [36m/worklist.js nothing to do[0m
[sass]  [90mskip:[0m [36m/workers/1 nothing to do[0m
[sass]  [90mskip:[0m [36m/worklist.js nothing to do[0m
[sass]  [90msource:[0m [36m/home/pi/Projects/gsd/stylesheet.scss [0m
[sass]  [90mdest:[0m [36m/home/pi/Projects/gsd/assets/stylesheet.css [0m
[sass]  [90mskip:[0m [36m/workers/3 nothing to do[0m
[sass]  [90msource:[0m [36m/home/pi/Projects/gsd/stylesheet.scss [0m
[sass]  [90mdest:[0m [36m/home/pi/Projects/gsd/assets/stylesheet.css [0m
[sass]  [90mskip:[0m [36m/worklist.js nothing to do[0m
